make --dry-run --always-make --keep-going --print-directory
make: Entering directory `/Users/kgao/Desktop/chess'
g++ -std=c++14 -Wall -MMD   -c -o main.o main.cc
g++ -std=c++14 -Wall -MMD   -c -o Piece.o Piece.cc
g++ -std=c++14 -Wall -MMD   -c -o ChessBoard.o ChessBoard.cc
g++ -std=c++14 -Wall -MMD   -c -o Game.o Game.cc
g++ -std=c++14 -Wall -MMD   -c -o Player.o Player.cc
g++ -std=c++14 -Wall -MMD   -c -o ComputerPlayer.o ComputerPlayer.cc
g++ -std=c++14 -Wall -MMD   -c -o ComputerLevelOne.o ComputerLevelOne.cc
g++ -std=c++14 -Wall -MMD   -c -o HumanPlayer.o HumanPlayer.cc
g++ -std=c++14 -Wall -MMD   -c -o Observer.o Observer.cc
g++ -std=c++14 -Wall -MMD   -c -o Pawn.o Pawn.cc
g++ -std=c++14 -Wall -MMD   -c -o Rook.o Rook.cc
g++ -std=c++14 -Wall -MMD   -c -o Knight.o Knight.cc
g++ -std=c++14 -Wall -MMD   -c -o King.o King.cc
g++ -std=c++14 -Wall -MMD   -c -o Queen.o Queen.cc
g++ -std=c++14 -Wall -MMD   -c -o Bishop.o Bishop.cc
g++ -std=c++14 -Wall -MMD   -c -o utils.o utils.cc
g++ -std=c++14 -Wall -MMD   -c -o ScoreBoard.o ScoreBoard.cc
g++ -std=c++14 -Wall -MMD   -c -o TextDisplay.o TextDisplay.cc
g++ -std=c++14 -Wall -MMD   -c -o GraphicDisplay.o GraphicDisplay.cc
g++ -std=c++14 -Wall -MMD   -c -o TextModifier.o TextModifier.cc
g++  main.o Piece.o ChessBoard.o Game.o Player.o ComputerPlayer.o ComputerLevelOne.o HumanPlayer.o Observer.o Pawn.o Rook.o Knight.o King.o Queen.o Bishop.o utils.o ScoreBoard.o TextDisplay.o GraphicDisplay.o TextModifier.o -o chessProgram
make: Leaving directory `/Users/kgao/Desktop/chess'
 
